
2019-09-22 21:03:39 INFO  Calculator:36 - Введенное число для извлечения корня 375.5 полученное число 19.3778223750761
2019-09-22 21:03:39 INFO  Calculator:14 - Введенные значения :4.5-5.0=-0.5
2019-09-22 21:03:39 INFO  Calculator:14 - Введенные значения :453.0-53.5=399.5
2019-09-22 21:03:39 INFO  Calculator:28 -  Введеные значения:-20.0*-2.0=40.0
2019-09-22 21:03:39 INFO  Calculator:28 -  Введеные значения:20.0*2.0=40.0
2019-09-22 21:03:39 INFO  Calculator:28 -  Введеные значения:57.0*0.0=0.0
2019-09-22 21:03:39 INFO  Calculator:9 - Введенные значения :2.5+5.0=7.5
2019-09-22 21:03:39 INFO  Calculator:9 - Введенные значения :-27.5+-5.0=-32.5
2019-09-22 21:03:39 INFO  Calculator:24 -  Введеные значения:-20.5*-1.0=20.5
2019-09-22 21:03:39 INFO  Calculator:24 -  Введеные значения:20.5*1.0=20.5
2019-09-22 21:03:39 ERROR Calculator:72 - Не реализовано для отрицательных чисел, введеное число: 1
2019-09-22 21:03:39 ERROR Calculator:72 - Не реализовано для отрицательных чисел, введеное число: 2
2019-09-22 21:03:39 ERROR Calculator:72 - Не реализовано для отрицательных чисел, введеное число: 92
2019-09-22 21:03:39 ERROR Calculator:72 - Не реализовано для отрицательных чисел, введеное число: 962
2019-09-22 21:03:39 ERROR Calculator:72 - Не реализовано для отрицательных чисел, введеное число: 0
2019-09-22 21:03:40 INFO  Calculator:104 - summarizeNumberRow method[10, 10, 10]
2019-09-22 21:03:41 ERROR Calculator:22 - Делить на ноль нельзя, введеное число :45.0/0.0
2019-09-22 21:03:41 ERROR Calculator:33 - Простое число должно быть больше >1, введеное число :-45.0
2019-09-22 21:06:19 INFO  Calculator:9 - Введенные значения :2.5+5.0=7.5
2019-09-22 21:06:19 INFO  Calculator:9 - Введенные значения :-27.5+-5.0=-32.5
2019-09-22 21:06:19 INFO  Calculator:24 -  Введеные значения:-20.5*-1.0=20.5
2019-09-22 21:06:19 INFO  Calculator:24 -  Введеные значения:20.5*1.0=20.5
2019-09-22 21:06:19 INFO  Calculator:36 - Введенное число для извлечения корня 375.5 полученное число 19.3778223750761
2019-09-22 21:06:19 INFO  Calculator:14 - Введенные значения :4.5-5.0=-0.5
2019-09-22 21:06:19 INFO  Calculator:14 - Введенные значения :453.0-53.5=399.5
2019-09-22 21:06:19 INFO  Calculator:28 -  Введеные значения:-20.0*-2.0=40.0
2019-09-22 21:06:19 INFO  Calculator:28 -  Введеные значения:20.0*2.0=40.0
2019-09-22 21:06:19 INFO  Calculator:28 -  Введеные значения:57.0*0.0=0.0
2019-09-22 21:06:20 INFO  Calculator:104 - summarizeNumberRow method[10, 10, 10]
2019-09-22 21:06:20 ERROR Calculator:22 - Делить на ноль нельзя, введеное число :45.0/0.0
2019-09-22 21:06:20 ERROR Calculator:33 - Простое число должно быть больше >1, введеное число :-45.0
2019-09-22 21:06:20 ERROR Calculator:70 - Не реализовано для отрицательных чисел, введеное число: -456
2019-09-22 21:07:21 INFO  Calculator:14 - Введенные значения :4.5-5.0=-0.5
2019-09-22 21:07:21 INFO  Calculator:14 - Введенные значения :453.0-53.5=399.5
2019-09-22 21:07:21 INFO  Calculator:9 - Введенные значения :2.5+5.0=7.5
2019-09-22 21:07:21 INFO  Calculator:9 - Введенные значения :-27.5+-5.0=-32.5
2019-09-22 21:07:21 INFO  Calculator:24 -  Введеные значения:-20.5*-1.0=20.5
2019-09-22 21:07:21 INFO  Calculator:24 -  Введеные значения:20.5*1.0=20.5
2019-09-22 21:07:21 INFO  Calculator:36 - Введенное число для извлечения корня 375.5 полученное число 19.3778223750761
2019-09-22 21:07:21 INFO  Calculator:28 -  Введеные значения:-20.0*-2.0=40.0
2019-09-22 21:07:21 INFO  Calculator:28 -  Введеные значения:20.0*2.0=40.0
2019-09-22 21:07:21 INFO  Calculator:28 -  Введеные значения:57.0*0.0=0.0
2019-09-22 21:07:23 INFO  Calculator:104 - summarizeNumberRow method[10, 10, 10]
2019-09-22 21:07:23 INFO  Calculator:104 - summarizeNumberRow method[4, 5, 6]
2019-09-22 21:34:47 INFO  Calculator:14 - Введенные значения :4.5-5.0=-0.5
2019-09-22 21:34:47 INFO  Calculator:14 - Введенные значения :453.0-53.5=399.5
2019-09-22 21:34:47 INFO  Calculator:28 -  Введеные значения:-20.0*-2.0=40.0
2019-09-22 21:34:47 INFO  Calculator:28 -  Введеные значения:20.0*2.0=40.0
2019-09-22 21:34:47 INFO  Calculator:28 -  Введеные значения:57.0*0.0=0.0
2019-09-22 21:34:48 INFO  Calculator:104 - Метод получения числа из массива[4, 5, 6]
2019-09-22 21:34:48 INFO  Calculator:9 - Введенные значения :2.5+5.0=7.5
2019-09-22 21:34:48 INFO  Calculator:9 - Введенные значения :-27.5+-5.0=-32.5
2019-09-22 21:34:48 INFO  Calculator:24 -  Введеные значения:-20.5*-1.0=20.5
2019-09-22 21:34:48 INFO  Calculator:24 -  Введеные значения:20.5*1.0=20.5
2019-09-22 21:34:48 INFO  Calculator:36 - Введенное число для извлечения корня 375.5 полученное число 19.3778223750761
2019-09-22 21:37:12 INFO  Calculator:14 - Введенные значения :4.5-5.0=-0.5
2019-09-22 21:37:12 INFO  Calculator:14 - Введенные значения :453.0-53.5=399.5
2019-09-22 21:37:12 INFO  Calculator:28 -  Введеные значения:-20.0*-2.0=40.0
2019-09-22 21:37:12 INFO  Calculator:28 -  Введеные значения:20.0*2.0=40.0
2019-09-22 21:37:12 INFO  Calculator:28 -  Введеные значения:57.0*0.0=0.0
2019-09-22 21:37:12 INFO  Calculator:9 - Введенные значения :2.5+5.0=7.5
2019-09-22 21:37:12 INFO  Calculator:9 - Введенные значения :-27.5+-5.0=-32.5
2019-09-22 21:37:12 INFO  Calculator:24 -  Введеные значения:-20.5*-1.0=20.5
2019-09-22 21:37:12 INFO  Calculator:24 -  Введеные значения:20.5*1.0=20.5
2019-09-22 21:37:12 INFO  Calculator:36 - Введенное число для извлечения корня 375.5 полученное число 19.3778223750761
2019-09-22 21:37:13 INFO  Calculator:104 - Метод получения числа из массива[4, 5, 6]
2019-09-22 21:37:14 INFO  Calculator:104 - Метод получения числа из массива[10, 10, 10]
2019-09-22 21:37:14 INFO  Calculator:104 - Метод получения числа из массива[4, 5, 6]
2019-09-22 21:37:32 INFO  Calculator:14 - Введенные значения :4.5-5.0=-0.5
2019-09-22 21:37:32 INFO  Calculator:14 - Введенные значения :453.0-53.5=399.5
2019-09-22 21:37:32 INFO  Calculator:28 -  Введеные значения:-20.0*-2.0=40.0
2019-09-22 21:37:32 INFO  Calculator:28 -  Введеные значения:20.0*2.0=40.0
2019-09-22 21:37:32 INFO  Calculator:28 -  Введеные значения:57.0*0.0=0.0
2019-09-22 21:37:34 INFO  Calculator:104 - Метод получения числа из массива[4, 5, 6]
2019-09-22 21:37:34 INFO  Calculator:104 - Метод получения числа из массива[10, 10, 10]
2019-09-22 21:37:34 INFO  Calculator:104 - Метод получения числа из массива[4, 5, 6]
2019-09-22 21:37:34 INFO  Calculator:9 - Введенные значения :2.5+5.0=7.5
2019-09-22 21:37:34 INFO  Calculator:9 - Введенные значения :-27.5+-5.0=-32.5
2019-09-22 21:37:34 INFO  Calculator:24 -  Введеные значения:-20.5*-1.0=20.5
2019-09-22 21:37:34 INFO  Calculator:24 -  Введеные значения:20.5*1.0=20.5
2019-09-22 21:37:34 INFO  Calculator:36 - Введенное число для извлечения корня 375.5 полученное число 19.3778223750761
2019-09-22 21:41:46 INFO  Calculator:14 - Введенные значения :4.5-5.0=-0.5
2019-09-22 21:41:46 INFO  Calculator:14 - Введенные значения :453.0-53.5=399.5
2019-09-22 21:41:46 INFO  Calculator:9 - Введенные значения :2.5+5.0=7.5
2019-09-22 21:41:46 INFO  Calculator:9 - Введенные значения :-27.5+-5.0=-32.5
2019-09-22 21:41:46 INFO  Calculator:24 -  Введеные значения:-20.5*-1.0=20.5
2019-09-22 21:41:46 INFO  Calculator:24 -  Введеные значения:20.5*1.0=20.5
2019-09-22 21:41:46 INFO  Calculator:36 - Введенное число для извлечения корня 375.5 полученное число 19.3778223750761
2019-09-22 21:41:46 INFO  Calculator:28 -  Введеные значения:-20.0*-2.0=40.0
2019-09-22 21:41:46 INFO  Calculator:28 -  Введеные значения:20.0*2.0=40.0
2019-09-22 21:41:46 INFO  Calculator:28 -  Введеные значения:57.0*0.0=0.0
2019-09-22 21:41:47 INFO  Calculator:104 - Метод получения числа из массива[70, 7, 1]
2019-09-22 21:43:45 INFO  Calculator:14 - Введенные значения :4.5-5.0=-0.5
2019-09-22 21:43:45 INFO  Calculator:14 - Введенные значения :453.0-53.5=399.5
2019-09-22 21:43:45 INFO  Calculator:28 -  Введеные значения:-20.0*-2.0=40.0
2019-09-22 21:43:45 INFO  Calculator:28 -  Введеные значения:20.0*2.0=40.0
2019-09-22 21:43:45 INFO  Calculator:28 -  Введеные значения:57.0*0.0=0.0
2019-09-22 21:43:45 INFO  Calculator:9 - Введенные значения :2.5+5.0=7.5
2019-09-22 21:43:45 INFO  Calculator:9 - Введенные значения :-27.5+-5.0=-32.5
2019-09-22 21:43:45 INFO  Calculator:24 -  Введеные значения:-20.5*-1.0=20.5
2019-09-22 21:43:45 INFO  Calculator:24 -  Введеные значения:20.5*1.0=20.5
2019-09-22 21:43:45 INFO  Calculator:36 - Введенное число для извлечения корня 375.5 полученное число 19.3778223750761
2019-09-22 21:43:46 INFO  Calculator:104 - Метод получения числа из массива[70, 7, 1]
2019-09-22 21:45:15 INFO  Calculator:14 - Введенные значения :4.5-5.0=-0.5
2019-09-22 21:45:15 INFO  Calculator:14 - Введенные значения :453.0-53.5=399.5
2019-09-22 21:45:15 INFO  Calculator:28 -  Введеные значения:-20.0*-2.0=40.0
2019-09-22 21:45:15 INFO  Calculator:28 -  Введеные значения:20.0*2.0=40.0
2019-09-22 21:45:15 INFO  Calculator:28 -  Введеные значения:57.0*0.0=0.0
2019-09-22 21:45:16 INFO  Calculator:104 - Метод получения числа из массива[70, 7, 1]
2019-09-22 21:45:16 INFO  Calculator:104 - Метод получения числа из массива[10, 10, 10]
2019-09-22 21:45:16 INFO  Calculator:104 - Метод получения числа из массива[70, 7, 1]
2019-09-22 21:45:16 INFO  Calculator:9 - Введенные значения :2.5+5.0=7.5
2019-09-22 21:45:16 INFO  Calculator:9 - Введенные значения :-27.5+-5.0=-32.5
2019-09-22 21:45:16 INFO  Calculator:24 -  Введеные значения:-20.5*-1.0=20.5
2019-09-22 21:45:16 INFO  Calculator:24 -  Введеные значения:20.5*1.0=20.5
2019-09-22 21:45:16 INFO  Calculator:36 - Введенное число для извлечения корня 375.5 полученное число 19.3778223750761
2019-09-22 21:47:08 INFO  Calculator:14 - Введенные значения :4.5-5.0=-0.5
2019-09-22 21:47:08 INFO  Calculator:14 - Введенные значения :453.0-53.5=399.5
2019-09-22 21:47:08 INFO  Calculator:9 - Введенные значения :2.5+5.0=7.5
2019-09-22 21:47:08 INFO  Calculator:9 - Введенные значения :-27.5+-5.0=-32.5
2019-09-22 21:47:08 INFO  Calculator:24 -  Введеные значения:-20.5*-1.0=20.5
2019-09-22 21:47:08 INFO  Calculator:24 -  Введеные значения:20.5*1.0=20.5
2019-09-22 21:47:08 INFO  Calculator:36 - Введенное число для извлечения корня 375.5 полученное число 19.3778223750761
2019-09-22 21:47:09 INFO  Calculator:28 -  Введеные значения:-20.0*-2.0=40.0
2019-09-22 21:47:09 INFO  Calculator:28 -  Введеные значения:20.0*2.0=40.0
2019-09-22 21:47:09 INFO  Calculator:28 -  Введеные значения:57.0*0.0=0.0
2019-09-22 21:47:15 INFO  Calculator:104 - Метод получения числа из массива[70, 7, 1]
2019-09-22 21:47:15 INFO  Calculator:104 - Метод получения числа из массива[10, 10, 10]
2019-09-22 21:47:15 INFO  Calculator:104 - Метод получения числа из массива[70, 7, 1]
2019-09-22 21:47:33 INFO  Calculator:14 - Введенные значения :4.5-5.0=-0.5
2019-09-22 21:47:33 INFO  Calculator:14 - Введенные значения :453.0-53.5=399.5
2019-09-22 21:47:33 INFO  Calculator:28 -  Введеные значения:-20.0*-2.0=40.0
2019-09-22 21:47:33 INFO  Calculator:28 -  Введеные значения:20.0*2.0=40.0
2019-09-22 21:47:33 INFO  Calculator:28 -  Введеные значения:57.0*0.0=0.0
2019-09-22 21:47:33 INFO  Calculator:9 - Введенные значения :2.5+5.0=7.5
2019-09-22 21:47:33 INFO  Calculator:9 - Введенные значения :-27.5+-5.0=-32.5
2019-09-22 21:47:33 INFO  Calculator:24 -  Введеные значения:-20.5*-1.0=20.5
2019-09-22 21:47:33 INFO  Calculator:24 -  Введеные значения:20.5*1.0=20.5
2019-09-22 21:47:33 INFO  Calculator:36 - Введенное число для извлечения корня 375.5 полученное число 19.3778223750761
2019-09-22 21:47:35 INFO  Calculator:104 - Метод получения числа из массива[70, 7, 1]
2019-09-22 21:47:35 INFO  Calculator:104 - Метод получения числа из массива[10, 10, 10]
2019-09-22 21:47:35 INFO  Calculator:104 - Метод получения числа из массива[70, 7, 1]
2019-09-22 21:47:35 ERROR Calculator:22 - Делить на ноль нельзя, введеное число :45.0/0.0
2019-09-22 21:47:35 ERROR Calculator:33 - Простое число должно быть больше >1, введеное число :-45.0
2019-09-22 21:47:35 ERROR Calculator:70 -  Получение н-ого числа Фибоначи,не реализовано для отрицательных чисел, введеное число: -456
2019-09-22 21:47:54 INFO  Calculator:104 - Метод получения числа из массива[70, 7, 1]
2019-09-22 21:47:54 INFO  Calculator:104 - Метод получения числа из массива[10, 10, 10]
2019-09-22 21:47:54 INFO  Calculator:104 - Метод получения числа из массива[70, 7, 1]
2019-09-22 21:47:54 INFO  Calculator:36 - Введенное число для извлечения корня 375.5 полученное число 19.3778223750761
2019-09-22 21:47:54 INFO  Calculator:24 -  Введеные значения:-20.5*-1.0=20.5
2019-09-22 21:47:54 INFO  Calculator:24 -  Введеные значения:20.5*1.0=20.5
2019-09-22 21:47:54 INFO  Calculator:9 - Введенные значения :2.5+5.0=7.5
2019-09-22 21:47:54 INFO  Calculator:9 - Введенные значения :-27.5+-5.0=-32.5
2019-09-22 21:47:54 INFO  Calculator:14 - Введенные значения :4.5-5.0=-0.5
2019-09-22 21:47:54 INFO  Calculator:14 - Введенные значения :453.0-53.5=399.5
2019-09-22 21:47:54 INFO  Calculator:28 -  Введеные значения:-20.0*-2.0=40.0
2019-09-22 21:47:54 INFO  Calculator:28 -  Введеные значения:20.0*2.0=40.0
2019-09-22 21:47:54 INFO  Calculator:28 -  Введеные значения:57.0*0.0=0.0
2019-09-22 21:47:54 ERROR Calculator:22 - Делить на ноль нельзя, введеное число :45.0/0.0
2019-09-22 21:47:54 ERROR Calculator:33 - Простое число должно быть больше >1, введеное число :-45.0
2019-09-22 21:47:54 ERROR Calculator:70 -  Получение н-ого числа Фибоначи,не реализовано для отрицательных чисел, введеное число: -456
2019-09-22 21:54:55 INFO  Calculator:94 - Число фибоначи  7540113804746346429 от числа 92
2019-09-22 21:54:55 INFO  Calculator:94 - Число фибоначи  497307396188898807131503486647178255890061659772976965454458975169527017294027706862807765401189253711316368502706160464099788908414618365227045003478122202833991516361313407194047833564766337836766081 от числа 962
2019-09-22 21:54:56 INFO  Calculator:102 - Метод получения числа из массива[70, 7, 1]
2019-09-22 21:54:56 INFO  Calculator:102 - Метод получения числа из массива[10, 10, 10]
2019-09-22 21:54:56 INFO  Calculator:102 - Метод получения числа из массива[70, 7, 1]
2019-09-22 21:54:56 INFO  Calculator:14 - Введенные значения :4.5-5.0=-0.5
2019-09-22 21:54:56 INFO  Calculator:14 - Введенные значения :453.0-53.5=399.5
2019-09-22 21:54:56 INFO  Calculator:28 -  Введеные значения:-20.0*-2.0=40.0
2019-09-22 21:54:56 INFO  Calculator:28 -  Введеные значения:20.0*2.0=40.0
2019-09-22 21:54:56 INFO  Calculator:28 -  Введеные значения:57.0*0.0=0.0
2019-09-22 21:54:56 INFO  Calculator:36 - Введенное число для извлечения корня 375.5 полученное число 19.3778223750761
2019-09-22 21:54:56 INFO  Calculator:24 -  Введеные значения:-20.5*-1.0=20.5
2019-09-22 21:54:56 INFO  Calculator:24 -  Введеные значения:20.5*1.0=20.5
2019-09-22 21:54:56 INFO  Calculator:9 - Введенные значения :2.5+5.0=7.5
2019-09-22 21:54:56 INFO  Calculator:9 - Введенные значения :-27.5+-5.0=-32.5
2019-09-22 21:54:56 ERROR Calculator:22 - Делить на ноль нельзя, введеное число :45.0/0.0
2019-09-22 21:54:56 ERROR Calculator:33 - Простое число должно быть больше >1, введеное число :-45.0
2019-09-22 21:54:56 ERROR Calculator:66 -  Получение н-ого числа Фибоначи,не реализовано для отрицательных чисел, введеное число: -456
2019-09-22 21:55:51 INFO  Calculator:36 - Введенное число для извлечения корня 375.5 полученное число 19.3778223750761
2019-09-22 21:55:51 INFO  Calculator:9 - Введенные значения :2.5+5.0=7.5
2019-09-22 21:55:51 INFO  Calculator:9 - Введенные значения :-27.5+-5.0=-32.5
2019-09-22 21:55:51 INFO  Calculator:24 -  Введеные значения:-20.5*-1.0=20.5
2019-09-22 21:55:51 INFO  Calculator:24 -  Введеные значения:20.5*1.0=20.5
2019-09-22 21:55:51 INFO  Calculator:14 - Введенные значения :4.5-5.0=-0.5
2019-09-22 21:55:51 INFO  Calculator:14 - Введенные значения :453.0-53.5=399.5
2019-09-22 21:55:51 INFO  Calculator:28 -  Введеные значения:-20.0*-2.0=40.0
2019-09-22 21:55:51 INFO  Calculator:28 -  Введеные значения:20.0*2.0=40.0
2019-09-22 21:55:51 INFO  Calculator:28 -  Введеные значения:57.0*0.0=0.0
2019-09-22 21:55:51 INFO  Calculator:94 - Число фибоначи  7540113804746346429 от числа 92
2019-09-22 21:55:51 INFO  Calculator:94 - Число фибоначи  497307396188898807131503486647178255890061659772976965454458975169527017294027706862807765401189253711316368502706160464099788908414618365227045003478122202833991516361313407194047833564766337836766081 от числа 962
2019-09-22 21:55:52 INFO  Calculator:102 - Метод получения числа из массива[70, 7, 1]
2019-09-22 21:55:52 INFO  Calculator:102 - Метод получения числа из массива[10, 10, 10]
2019-09-22 21:55:52 INFO  Calculator:102 - Метод получения числа из массива[70, 7, 1]
2019-09-22 21:55:52 ERROR Calculator:22 - Делить на ноль нельзя, введеное число :45.0/0.0
2019-09-22 21:55:52 ERROR Calculator:33 - Простое число должно быть больше >1, введеное число :-45.0
2019-09-22 21:55:52 ERROR Calculator:66 -  Получение н-ого числа Фибоначи,не реализовано для отрицательных чисел, введеное число: -456
2019-09-22 21:59:18 INFO  Calculator:9 - Введенные значения :2.5+5.0=7.5
2019-09-22 21:59:18 INFO  Calculator:9 - Введенные значения :-27.5+-5.0=-32.5
2019-09-22 21:59:18 INFO  Calculator:24 -  Введеные значения:-20.5*-1.0=20.5
2019-09-22 21:59:18 INFO  Calculator:24 -  Введеные значения:20.5*1.0=20.5
2019-09-22 21:59:18 INFO  Calculator:36 - Введенное число для извлечения корня 375.5 полученное число 19.3778223750761
2019-09-22 21:59:18 INFO  Calculator:14 - Введенные значения :4.5-5.0=-0.5
2019-09-22 21:59:18 INFO  Calculator:14 - Введенные значения :453.0-53.5=399.5
2019-09-22 21:59:18 INFO  Calculator:28 -  Введеные значения:-20.0*-2.0=40.0
2019-09-22 21:59:18 INFO  Calculator:28 -  Введеные значения:20.0*2.0=40.0
2019-09-22 21:59:18 INFO  Calculator:28 -  Введеные значения:57.0*0.0=0.0
2019-09-22 21:59:18 INFO  Calculator:94 - Число фибоначи  7540113804746346429 от числа 92
2019-09-22 21:59:18 INFO  Calculator:94 - Число фибоначи  497307396188898807131503486647178255890061659772976965454458975169527017294027706862807765401189253711316368502706160464099788908414618365227045003478122202833991516361313407194047833564766337836766081 от числа 962
2019-09-22 21:59:20 INFO  Calculator:102 - Метод получения числа из массива[70, 7, 1]
2019-09-22 21:59:21 INFO  Calculator:102 - Метод получения числа из массива[10, 10, 10]
2019-09-22 21:59:21 INFO  Calculator:102 - Метод получения числа из массива[70, 7, 1]
2019-09-22 21:59:21 ERROR Calculator:22 - Делить на ноль нельзя, введеное число :45.0/0.0
2019-09-22 21:59:21 ERROR Calculator:33 - Простое число должно быть больше >1, введеное число :-45.0
2019-09-22 21:59:21 ERROR Calculator:66 -  Получение н-ого числа Фибоначи,не реализовано для отрицательных чисел, введеное число: -456
2019-09-22 22:02:06 INFO  Calculator:94 - Число фибоначи  7540113804746346429 от числа 92
2019-09-22 22:02:06 INFO  Calculator:94 - Число фибоначи  497307396188898807131503486647178255890061659772976965454458975169527017294027706862807765401189253711316368502706160464099788908414618365227045003478122202833991516361313407194047833564766337836766081 от числа 962
2019-09-22 22:02:09 INFO  Calculator:102 - Метод получения числа из массива[70, 7, 1]
2019-09-22 22:02:09 INFO  Calculator:102 - Метод получения числа из массива[10, 10, 10]
2019-09-22 22:02:09 INFO  Calculator:102 - Метод получения числа из массива[70, 7, 1]
2019-09-22 22:02:09 INFO  Calculator:14 - Введенные значения :4.5-5.0=-0.5
2019-09-22 22:02:09 INFO  Calculator:14 - Введенные значения :453.0-53.5=399.5
2019-09-22 22:02:09 INFO  Calculator:28 -  Введеные значения:-20.0*-2.0=40.0
2019-09-22 22:02:09 INFO  Calculator:28 -  Введеные значения:20.0*2.0=40.0
2019-09-22 22:02:09 INFO  Calculator:28 -  Введеные значения:57.0*0.0=0.0
2019-09-22 22:02:09 INFO  Calculator:9 - Введенные значения :2.5+5.0=7.5
2019-09-22 22:02:09 INFO  Calculator:9 - Введенные значения :-27.5+-5.0=-32.5
2019-09-22 22:02:09 INFO  Calculator:24 -  Введеные значения:-20.5*-1.0=20.5
2019-09-22 22:02:09 INFO  Calculator:24 -  Введеные значения:20.5*1.0=20.5
2019-09-22 22:02:09 INFO  Calculator:36 - Введенное число для извлечения корня 375.5 полученное число 19.3778223750761
2019-09-22 22:02:09 ERROR Calculator:22 - Делить на ноль нельзя, введеное число :45.0/0.0
2019-09-22 22:02:09 ERROR Calculator:33 - Простое число должно быть больше >1, введеное число :-45.0
2019-09-22 22:02:09 ERROR Calculator:66 -  Получение н-ого числа Фибоначи,не реализовано для отрицательных чисел, введеное число: -456
